#
# A fatal error has been detected by the Java Runtime Environment:
#
#  EXCEPTION_ACCESS_VIOLATION (0xc0000005) at pc=0x0000000101de0640, pid=1184, tid=6328
#
# JRE version: Java(TM) SE Runtime Environment (8.0_40-b26) (build 1.8.0_40-b26)
# Java VM: Java HotSpot(TM) 64-Bit Server VM (25.40-b25 mixed mode windows-amd64 compressed oops)
# Problematic frame:
# C  0x0000000101de0640
#
# Failed to write core dump. Minidumps are not enabled by default on client versions of Windows
#
# If you would like to submit a bug report, please visit:
#   http://bugreport.java.com/bugreport/crash.jsp
# The crash happened outside the Java Virtual Machine in native code.
# See problematic frame for where to report the bug.
#

---------------  T H R E A D  ---------------

Current thread (0x0000000059c76000):  JavaThread "JavaFX Application Thread" [_thread_in_native, id=6328, stack(0x000000005bc50000,0x000000005bd50000)]

siginfo: ExceptionCode=0xc0000005, ExceptionInformation=0x0000000000000008 0x0000000101de0640

Registers:
RAX=0x00000000704ab430, RBX=0x0000000080133bd4, RCX=0x000000005bd4ceb0, RDX=0x000000005f030530
RSP=0x000000005bd4cf18, RBP=0x000000005bd4cfa0, RSI=0x000000005f030060, RDI=0x000000005bd4d120
R8 =0x000000005f030478, R9 =0x0000000059feda70, R10=0x0000000000000000, R11=0x0000000000000000
R12=0x0000000000000200, R13=0x000000005f030530, R14=0xffff000000000000, R15=0xffff000000000002
RIP=0x0000000101de0640, EFLAGS=0x0000000000010206

Top of Stack: (sp=0x000000005bd4cf18)
0x000000005bd4cf18:   0000000100fd6db3 00000000801df640
0x000000005bd4cf28:   00000000704ab430 000000006056c6a0
0x000000005bd4cf38:   0000000080133bd4 0000000000000000
0x000000005bd4cf48:   00000000801df640 000000006283fbe0
0x000000005bd4cf58:   00000000801df640 000000007ee41d4d
0x000000005bd4cf68:   000000007ecb66e0 000000007ad47c70
0x000000005bd4cf78:   0000000058e07c70 0000000079388630
0x000000005bd4cf88:   000000005f0300b8 0000000059fd6e90
0x000000005bd4cf98:   0000000059f770e0 000000005bd4d010
0x000000005bd4cfa8:   0000000060b3cb46 000000007e0b0000
0x000000005bd4cfb8:   0000000059f770e0 000000005f030478
0x000000005bd4cfc8:   0000000000000000 0000000000000000
0x000000005bd4cfd8:   0000000059fd6e90 0000000059fd6e90
0x000000005bd4cfe8:   0000000059fdfe78 000000005bc50000
0x000000005bd4cff8:   fffffffffffffffe 0000000059fe1868
0x000000005bd4d008:   0000000058e07c70 0000000078e691f0 

Instructions: (pc=0x0000000101de0640)
0x0000000101de0620:   
[error occurred during error reporting (printing registers, top of stack, instructions near pc), id 0xc0000005]

Register to memory mapping:

RAX=0x00000000704ab430 is an unknown value
RBX=0x0000000080133bd4 is an unknown value
RCX=0x000000005bd4ceb0 is pointing into the stack for thread: 0x0000000059c76000
RDX=0x000000005f030530 is an unknown value
RSP=0x000000005bd4cf18 is pointing into the stack for thread: 0x0000000059c76000
RBP=0x000000005bd4cfa0 is pointing into the stack for thread: 0x0000000059c76000
RSI=0x000000005f030060 is an unknown value
RDI=0x000000005bd4d120 is pointing into the stack for thread: 0x0000000059c76000
R8 =0x000000005f030478 is an unknown value
R9 =0x0000000059feda70 is an unknown value
R10=0x0000000000000000 is an unknown value
R11=0x0000000000000000 is an unknown value
R12=0x0000000000000200 is an unknown value
R13=0x000000005f030530 is an unknown value
R14=0xffff000000000000 is an unknown value
R15=0xffff000000000002 is an unknown value


Stack: [0x000000005bc50000,0x000000005bd50000],  sp=0x000000005bd4cf18,  free space=1011k
Native frames: (J=compiled Java code, j=interpreted, Vv=VM code, C=native code)
C  0x0000000101de0640

Java frames: (J=compiled Java code, j=interpreted, Vv=VM code)
j  com.sun.webkit.dom.JSObject.callImpl(JILjava/lang/String;[Ljava/lang/Object;Ljava/security/AccessControlContext;)Ljava/lang/Object;+0
j  com.sun.webkit.dom.JSObject.call(Ljava/lang/String;[Ljava/lang/Object;)Ljava/lang/Object;+13
j  org.netbeans.html.boot.fx.AbstractFXPresenter$JSFn.invokeImpl(Ljava/lang/Object;Z[Ljava/lang/Object;)Ljava/lang/Object;+254
j  org.netbeans.html.boot.fx.AbstractFXPresenter$JSFn.invoke(Ljava/lang/Object;[Ljava/lang/Object;)Ljava/lang/Object;+4
j  org.netbeans.html.boot.spi.Fn$1.invoke(Ljava/lang/Object;[Ljava/lang/Object;)Ljava/lang/Object;+10
j  net.java.html.plotlyjs.Plotly.jsNewPlot(Ljava/lang/String;Ljava/lang/String;Ljava/lang/String;Ljava/lang/String;)Ljava/lang/Object;+101
j  net.java.html.plotlyjs.Plotly.newPlot(Ljava/lang/String;Lnet/java/html/plotlyjs/PlotlyData;Lnet/java/html/plotlyjs/Layout;)Lnet/java/html/plotlyjs/Plotly;+87
j  net.java.html.charts.ChartsTest$11.call()Ljava/lang/Void;+125
j  net.java.html.charts.ChartsTest$11.call()Ljava/lang/Object;+1
j  net.java.html.charts.ChartsTest$16.run()V+17
j  com.sun.javafx.application.PlatformImpl.lambda$null$170(Ljava/lang/Runnable;)Ljava/lang/Void;+1
j  com.sun.javafx.application.PlatformImpl$$Lambda$50.run()Ljava/lang/Object;+4
v  ~StubRoutines::call_stub
J 2194  java.security.AccessController.doPrivileged(Ljava/security/PrivilegedAction;Ljava/security/AccessControlContext;)Ljava/lang/Object; (0 bytes) @ 0x0000000002f374a6 [0x0000000002f37440+0x66]
j  com.sun.javafx.application.PlatformImpl.lambda$runLater$171(Ljava/lang/Runnable;Ljava/security/AccessControlContext;)V+7
j  com.sun.javafx.application.PlatformImpl$$Lambda$49.run()V+8
j  com.sun.glass.ui.InvokeLaterDispatcher$Future.run()V+4
v  ~StubRoutines::call_stub
j  com.sun.glass.ui.win.WinApplication._runLoop(Ljava/lang/Runnable;)V+0
j  com.sun.glass.ui.win.WinApplication.lambda$null$145(Ljava/lang/Runnable;)V+7
j  com.sun.glass.ui.win.WinApplication$$Lambda$38.run()V+8
j  java.lang.Thread.run()V+11
v  ~StubRoutines::call_stub

---------------  P R O C E S S  ---------------

Java Threads: ( => current thread )
  0x000000007b640800 JavaThread "URL-Loader-13" daemon [_thread_blocked, id=2024, stack(0x000000007dfb0000,0x000000007e0b0000)]
  0x000000007b1f4000 JavaThread "pool-14-thread-1" [_thread_blocked, id=7876, stack(0x000000007dd30000,0x000000007de30000)]
  0x0000000078455800 JavaThread "URL-Loader-12" daemon [_thread_blocked, id=6824, stack(0x000000007c4e0000,0x000000007c5e0000)]
  0x0000000078453000 JavaThread "pool-13-thread-1" [_thread_blocked, id=6012, stack(0x000000007c350000,0x000000007c450000)]
  0x0000000077adb800 JavaThread "URL-Loader-11" daemon [_thread_blocked, id=3768, stack(0x0000000079980000,0x0000000079a80000)]
  0x0000000077ada000 JavaThread "pool-12-thread-1" [_thread_blocked, id=6200, stack(0x0000000079860000,0x0000000079960000)]
  0x0000000073c18000 JavaThread "URL-Loader-10" daemon [_thread_blocked, id=7324, stack(0x00000000767b0000,0x00000000768b0000)]
  0x000000007385b000 JavaThread "pool-11-thread-1" [_thread_blocked, id=3904, stack(0x0000000076660000,0x0000000076760000)]
  0x0000000070081800 JavaThread "URL-Loader-9" daemon [_thread_blocked, id=8004, stack(0x0000000074b00000,0x0000000074c00000)]
  0x000000007007f800 JavaThread "pool-10-thread-1" [_thread_blocked, id=3248, stack(0x00000000748f0000,0x00000000749f0000)]
  0x000000006fb63000 JavaThread "URL-Loader-8" daemon [_thread_blocked, id=4744, stack(0x00000000721f0000,0x00000000722f0000)]
  0x000000006fb61800 JavaThread "pool-9-thread-1" [_thread_blocked, id=3356, stack(0x0000000072010000,0x0000000072110000)]
  0x000000006bbff000 JavaThread "URL-Loader-7" daemon [_thread_blocked, id=5620, stack(0x000000006f130000,0x000000006f230000)]
  0x000000006bbfe000 JavaThread "pool-8-thread-1" [_thread_blocked, id=2824, stack(0x0000000070670000,0x0000000070770000)]
  0x000000006bbfc000 JavaThread "URL-Loader-6" daemon [_thread_blocked, id=6728, stack(0x000000006f250000,0x000000006f350000)]
  0x0000000067c8a000 JavaThread "URL-Loader-5" daemon [_thread_blocked, id=7064, stack(0x000000006d500000,0x000000006d600000)]
  0x0000000067c89000 JavaThread "pool-7-thread-1" [_thread_blocked, id=6788, stack(0x000000006d150000,0x000000006d250000)]
  0x0000000067c87000 JavaThread "URL-Loader-4" daemon [_thread_blocked, id=7184, stack(0x000000006cf40000,0x000000006d040000)]
  0x0000000061a66800 JavaThread "URL-Loader-3" daemon [_thread_blocked, id=4304, stack(0x000000006a6c0000,0x000000006a7c0000)]
  0x0000000062a80000 JavaThread "pool-6-thread-1" [_thread_blocked, id=6404, stack(0x000000006a4b0000,0x000000006a5b0000)]
  0x0000000062a7e800 JavaThread "URL-Loader-2" daemon [_thread_blocked, id=3368, stack(0x00000000681d0000,0x00000000682d0000)]
  0x0000000062a7e000 JavaThread "pool-5-thread-1" [_thread_blocked, id=5072, stack(0x0000000067fd0000,0x00000000680d0000)]
  0x0000000062a7b000 JavaThread "Prism Font Disposer" daemon [_thread_blocked, id=3192, stack(0x00000000653a0000,0x00000000654a0000)]
  0x0000000061732800 JavaThread "Watchdog-Timer-1" daemon [_thread_blocked, id=6508, stack(0x000000005f970000,0x000000005fa70000)]
  0x0000000061cee800 JavaThread "URL-Loader-1" daemon [_thread_blocked, id=5036, stack(0x000000005f590000,0x000000005f690000)]
  0x0000000059fcf000 JavaThread "Disposer" daemon [_thread_blocked, id=3892, stack(0x000000005ee20000,0x000000005ef20000)]
  0x0000000059e5a800 JavaThread "Thread-4" daemon [_thread_in_native, id=1424, stack(0x000000005d9b0000,0x000000005dab0000)]
=>0x0000000059c76000 JavaThread "JavaFX Application Thread" [_thread_in_native, id=6328, stack(0x000000005bc50000,0x000000005bd50000)]
  0x0000000059c73000 JavaThread "Thread-3" daemon [_thread_blocked, id=3976, stack(0x000000005bb10000,0x000000005bc10000)]
  0x0000000059df8800 JavaThread "QuantumRenderer-0" daemon [_thread_blocked, id=5024, stack(0x000000005ab50000,0x000000005ac50000)]
  0x0000000059be2000 JavaThread "JavaFX-Launcher" [_thread_blocked, id=3308, stack(0x000000005a7b0000,0x000000005a8b0000)]
  0x0000000059e2b800 JavaThread "pool-2-thread-1" [_thread_blocked, id=7596, stack(0x000000005a5d0000,0x000000005a6d0000)]
  0x0000000059e12000 JavaThread "pool-1-thread-1" [_thread_blocked, id=1236, stack(0x0000000059040000,0x0000000059140000)]
  0x0000000058a3b800 JavaThread "Service Thread" daemon [_thread_blocked, id=2772, stack(0x0000000059600000,0x0000000059700000)]
  0x0000000058a3a800 JavaThread "C1 CompilerThread2" daemon [_thread_blocked, id=7952, stack(0x0000000059480000,0x0000000059580000)]
  0x00000000589e9800 JavaThread "C2 CompilerThread1" daemon [_thread_blocked, id=7792, stack(0x00000000592a0000,0x00000000593a0000)]
  0x00000000589e4800 JavaThread "C2 CompilerThread0" daemon [_thread_blocked, id=6580, stack(0x0000000059160000,0x0000000059260000)]
  0x0000000057647000 JavaThread "Attach Listener" daemon [_thread_blocked, id=3212, stack(0x0000000058eb0000,0x0000000058fb0000)]
  0x0000000057645800 JavaThread "Signal Dispatcher" daemon [_thread_blocked, id=5596, stack(0x00000000587b0000,0x00000000588b0000)]
  0x00000000575eb800 JavaThread "Finalizer" daemon [_thread_blocked, id=4652, stack(0x00000000588e0000,0x00000000589e0000)]
  0x00000000575e4800 JavaThread "Reference Handler" daemon [_thread_blocked, id=8160, stack(0x0000000058590000,0x0000000058690000)]
  0x000000000027e800 JavaThread "main" [_thread_blocked, id=6316, stack(0x0000000002480000,0x0000000002580000)]

Other Threads:
  0x00000000575df000 VMThread [stack: 0x00000000586a0000,0x00000000587a0000] [id=3004]
  0x0000000058a40800 WatcherThread [stack: 0x0000000059790000,0x0000000059890000] [id=4664]

VM state:not at safepoint (normal execution)

VM Mutex/Monitor currently owned by a thread: None

Heap:
 PSYoungGen      total 208896K, used 19365K [0x00000000d5600000, 0x00000000e2f00000, 0x0000000100000000)
  eden space 201728K, 6% used [0x00000000d5600000,0x00000000d6261e50,0x00000000e1b00000)
  from space 7168K, 93% used [0x00000000e2800000,0x00000000e2e87748,0x00000000e2f00000)
  to   space 8192K, 0% used [0x00000000e1f00000,0x00000000e1f00000,0x00000000e2700000)
 ParOldGen       total 55296K, used 12092K [0x0000000080200000, 0x0000000083800000, 0x00000000d5600000)
  object space 55296K, 21% used [0x0000000080200000,0x0000000080dcf150,0x0000000083800000)
 Metaspace       used 22386K, capacity 23056K, committed 23344K, reserved 1069056K
  class space    used 2854K, capacity 3027K, committed 3120K, reserved 1048576K

Card table byte_map: [0x0000000011c10000,0x0000000012010000] byte_map_base: 0x000000001180f000

Marking Bits: (ParMarkBitMap*) 0x0000000066be4040
 Begin Bits: [0x0000000012860000, 0x0000000014858000)
 End Bits:   [0x0000000014858000, 0x0000000016850000)

Polling page: 0x0000000000230000

CodeCache: size=245760Kb used=7611Kb max_used=7626Kb free=238148Kb
 bounds [0x0000000002850000, 0x0000000002fd0000, 0x0000000011850000]
 total_blobs=3190 nmethods=2456 adapters=645
 compilation: enabled

Compilation events (10 events):
Event: 4.148 Thread 0x0000000058a3a800 nmethod 2452 0x0000000002fbb9d0 code [0x0000000002fbbb40, 0x0000000002fbbdb0]
Event: 4.149 Thread 0x0000000058a3a800 2453       3       java.lang.StringBuilder::append (6 bytes)
Event: 4.149 Thread 0x0000000058a3a800 nmethod 2453 0x0000000002fbb510 code [0x0000000002fbb680, 0x0000000002fbb8e8]
Event: 4.149 Thread 0x0000000058a3a800 2454       3       java.lang.StringBuilder::append (6 bytes)
Event: 4.149 Thread 0x0000000058a3a800 nmethod 2454 0x0000000002fbe650 code [0x0000000002fbe7c0, 0x0000000002fbea28]
Event: 4.149 Thread 0x0000000058a3a800 2455       3       java.util.concurrent.CountDownLatch$Sync::tryAcquireShared (13 bytes)
Event: 4.150 Thread 0x0000000058a3a800 nmethod 2455 0x0000000002fbe250 code [0x0000000002fbe3a0, 0x0000000002fbe5f0]
Event: 4.150 Thread 0x0000000058a3a800 2456   !   3       sun.misc.URLClassPath::check (123 bytes)
Event: 4.150 Thread 0x0000000058a3a800 nmethod 2456 0x0000000002fbeb10 code [0x0000000002fbed80, 0x0000000002fc01e8]
Event: 4.154 Thread 0x00000000589e9800 nmethod 2436 0x0000000002fc4910 code [0x0000000002fc4be0, 0x0000000002fc5db0]

GC Heap History (10 events):
Event: 2.092 GC heap before
{Heap before GC invocations=3 (full 0):
 PSYoungGen      total 71680K, used 71618K [0x00000000d5600000, 0x00000000da100000, 0x0000000100000000)
  eden space 66560K, 99% used [0x00000000d5600000,0x00000000d96f1e50,0x00000000d9700000)
  from space 5120K, 99% used [0x00000000d9c00000,0x00000000da0feb30,0x00000000da100000)
  to   space 5120K, 0% used [0x00000000d9700000,0x00000000d9700000,0x00000000d9c00000)
 ParOldGen       total 87552K, used 2809K [0x0000000080200000, 0x0000000085780000, 0x00000000d5600000)
  object space 87552K, 3% used [0x0000000080200000,0x00000000804be4d0,0x0000000085780000)
 Metaspace       used 20245K, capacity 20896K, committed 20992K, reserved 1067008K
  class space    used 2615K, capacity 2785K, committed 2816K, reserved 1048576K
Event: 2.095 GC heap after
Heap after GC invocations=3 (full 0):
 PSYoungGen      total 71680K, used 4353K [0x00000000d5600000, 0x00000000de200000, 0x0000000100000000)
  eden space 66560K, 0% used [0x00000000d5600000,0x00000000d5600000,0x00000000d9700000)
  from space 5120K, 85% used [0x00000000d9700000,0x00000000d9b407f8,0x00000000d9c00000)
  to   space 5120K, 0% used [0x00000000ddd00000,0x00000000ddd00000,0x00000000de200000)
 ParOldGen       total 87552K, used 4912K [0x0000000080200000, 0x0000000085780000, 0x00000000d5600000)
  object space 87552K, 5% used [0x0000000080200000,0x00000000806cc2e0,0x0000000085780000)
 Metaspace       used 20245K, capacity 20896K, committed 20992K, reserved 1067008K
  class space    used 2615K, capacity 2785K, committed 2816K, reserved 1048576K
}
Event: 2.288 GC heap before
{Heap before GC invocations=4 (full 0):
 PSYoungGen      total 71680K, used 25429K [0x00000000d5600000, 0x00000000de200000, 0x0000000100000000)
  eden space 66560K, 31% used [0x00000000d5600000,0x00000000d6a94d40,0x00000000d9700000)
  from space 5120K, 85% used [0x00000000d9700000,0x00000000d9b407f8,0x00000000d9c00000)
  to   space 5120K, 0% used [0x00000000ddd00000,0x00000000ddd00000,0x00000000de200000)
 ParOldGen       total 87552K, used 4912K [0x0000000080200000, 0x0000000085780000, 0x00000000d5600000)
  object space 87552K, 5% used [0x0000000080200000,0x00000000806cc2e0,0x0000000085780000)
 Metaspace       used 20631K, capacity 21222K, committed 21296K, reserved 1067008K
  class space    used 2672K, capacity 2850K, committed 2864K, reserved 1048576K
Event: 2.293 GC heap after
Heap after GC invocations=4 (full 0):
 PSYoungGen      total 138240K, used 4263K [0x00000000d5600000, 0x00000000de200000, 0x0000000100000000)
  eden space 133120K, 0% used [0x00000000d5600000,0x00000000d5600000,0x00000000dd800000)
  from space 5120K, 83% used [0x00000000ddd00000,0x00000000de129ff0,0x00000000de200000)
  to   space 5120K, 0% used [0x00000000dd800000,0x00000000dd800000,0x00000000ddd00000)
 ParOldGen       total 87552K, used 4920K [0x0000000080200000, 0x0000000085780000, 0x00000000d5600000)
  object space 87552K, 5% used [0x0000000080200000,0x00000000806ce2e0,0x0000000085780000)
 Metaspace       used 20631K, capacity 21222K, committed 21296K, reserved 1067008K
  class space    used 2672K, capacity 2850K, committed 2864K, reserved 1048576K
}
Event: 2.293 GC heap before
{Heap before GC invocations=5 (full 1):
 PSYoungGen      total 138240K, used 4263K [0x00000000d5600000, 0x00000000de200000, 0x0000000100000000)
  eden space 133120K, 0% used [0x00000000d5600000,0x00000000d5600000,0x00000000dd800000)
  from space 5120K, 83% used [0x00000000ddd00000,0x00000000de129ff0,0x00000000de200000)
  to   space 5120K, 0% used [0x00000000dd800000,0x00000000dd800000,0x00000000ddd00000)
 ParOldGen       total 87552K, used 4920K [0x0000000080200000, 0x0000000085780000, 0x00000000d5600000)
  object space 87552K, 5% used [0x0000000080200000,0x00000000806ce2e0,0x0000000085780000)
 Metaspace       used 20631K, capacity 21222K, committed 21296K, reserved 1067008K
  class space    used 2672K, capacity 2850K, committed 2864K, reserved 1048576K
Event: 2.316 GC heap after
Heap after GC invocations=5 (full 1):
 PSYoungGen      total 138240K, used 0K [0x00000000d5600000, 0x00000000de200000, 0x0000000100000000)
  eden space 133120K, 0% used [0x00000000d5600000,0x00000000d5600000,0x00000000dd800000)
  from space 5120K, 0% used [0x00000000ddd00000,0x00000000ddd00000,0x00000000de200000)
  to   space 5120K, 0% used [0x00000000dd800000,0x00000000dd800000,0x00000000ddd00000)
 ParOldGen       total 55296K, used 5630K [0x0000000080200000, 0x0000000083800000, 0x00000000d5600000)
  object space 55296K, 10% used [0x0000000080200000,0x000000008077faa8,0x0000000083800000)
 Metaspace       used 20631K, capacity 21222K, committed 21296K, reserved 1067008K
  class space    used 2672K, capacity 2850K, committed 2864K, reserved 1048576K
}
Event: 3.252 GC heap before
{Heap before GC invocations=6 (full 1):
 PSYoungGen      total 138240K, used 131159K [0x00000000d5600000, 0x00000000de200000, 0x0000000100000000)
  eden space 133120K, 98% used [0x00000000d5600000,0x00000000dd615c70,0x00000000dd800000)
  from space 5120K, 0% used [0x00000000ddd00000,0x00000000ddd00000,0x00000000de200000)
  to   space 5120K, 0% used [0x00000000dd800000,0x00000000dd800000,0x00000000ddd00000)
 ParOldGen       total 55296K, used 5630K [0x0000000080200000, 0x0000000083800000, 0x00000000d5600000)
  object space 55296K, 10% used [0x0000000080200000,0x000000008077faa8,0x0000000083800000)
 Metaspace       used 22135K, capacity 22820K, committed 22960K, reserved 1069056K
  class space    used 2834K, capacity 2991K, committed 2992K, reserved 1048576K
Event: 3.256 GC heap after
Heap after GC invocations=6 (full 1):
 PSYoungGen      total 138240K, used 4437K [0x00000000d5600000, 0x00000000e2f80000, 0x0000000100000000)
  eden space 133120K, 0% used [0x00000000d5600000,0x00000000d5600000,0x00000000dd800000)
  from space 5120K, 86% used [0x00000000dd800000,0x00000000ddc55428,0x00000000ddd00000)
  to   space 7680K, 0% used [0x00000000e2800000,0x00000000e2800000,0x00000000e2f80000)
 ParOldGen       total 55296K, used 9829K [0x0000000080200000, 0x0000000083800000, 0x00000000d5600000)
  object space 55296K, 17% used [0x0000000080200000,0x0000000080b996b8,0x0000000083800000)
 Metaspace       used 22135K, capacity 22820K, committed 22960K, reserved 1069056K
  class space    used 2834K, capacity 2991K, committed 2992K, reserved 1048576K
}
Event: 4.156 GC heap before
{Heap before GC invocations=7 (full 1):
 PSYoungGen      total 138240K, used 136435K [0x00000000d5600000, 0x00000000e2f80000, 0x0000000100000000)
  eden space 133120K, 99% used [0x00000000d5600000,0x00000000dd6e7a40,0x00000000dd800000)
  from space 5120K, 86% used [0x00000000dd800000,0x00000000ddc55428,0x00000000ddd00000)
  to   space 7680K, 0% used [0x00000000e2800000,0x00000000e2800000,0x00000000e2f80000)
 ParOldGen       total 55296K, used 9829K [0x0000000080200000, 0x0000000083800000, 0x00000000d5600000)
  object space 55296K, 17% used [0x0000000080200000,0x0000000080b996b8,0x0000000083800000)
 Metaspace       used 22386K, capacity 23056K, committed 23344K, reserved 1069056K
  class space    used 2854K, capacity 3027K, committed 3120K, reserved 1048576K
Event: 4.160 GC heap after
Heap after GC invocations=7 (full 1):
 PSYoungGen      total 208896K, used 6685K [0x00000000d5600000, 0x00000000e2f00000, 0x0000000100000000)
  eden space 201728K, 0% used [0x00000000d5600000,0x00000000d5600000,0x00000000e1b00000)
  from space 7168K, 93% used [0x00000000e2800000,0x00000000e2e87748,0x00000000e2f00000)
  to   space 8192K, 0% used [0x00000000e1f00000,0x00000000e1f00000,0x00000000e2700000)
 ParOldGen       total 55296K, used 12092K [0x0000000080200000, 0x0000000083800000, 0x00000000d5600000)
  object space 55296K, 21% used [0x0000000080200000,0x0000000080dcf150,0x0000000083800000)
 Metaspace       used 22386K, capacity 23056K, committed 23344K, reserved 1069056K
  class space    used 2854K, capacity 3027K, committed 3120K, reserved 1048576K
}

Deoptimization events (10 events):
Event: 1.861 Thread 0x0000000059c76000 Uncommon trap: reason=bimorphic action=maybe_recompile pc=0x0000000002ca21ac method=java.util.HashMap.putVal(ILjava/lang/Object;Ljava/lang/Object;ZZ)Ljava/lang/Object; @ 203
Event: 1.865 Thread 0x0000000059c76000 Uncommon trap: reason=bimorphic action=maybe_recompile pc=0x0000000002c45d0c method=java.util.HashMap.putVal(ILjava/lang/Object;Ljava/lang/Object;ZZ)Ljava/lang/Object; @ 203
Event: 2.422 Thread 0x0000000067c87000 Uncommon trap: reason=unstable_if action=reinterpret pc=0x0000000002d69538 method=java.net.URL.<init>(Ljava/net/URL;Ljava/lang/String;Ljava/net/URLStreamHandler;)V @ 30
Event: 2.424 Thread 0x0000000059c76000 Uncommon trap: reason=unstable_if action=reinterpret pc=0x0000000002d96c5c method=java.util.WeakHashMap.expungeStaleEntries()V @ 9
Event: 2.803 Thread 0x0000000059c76000 Uncommon trap: reason=unstable_if action=reinterpret pc=0x0000000002e3428c method=com.sun.imageio.plugins.png.PNGImageWriter.encodePass(Ljavax/imageio/stream/ImageOutputStream;Ljava/awt/image/RenderedImage;IIII)V @ 303
Event: 3.041 Thread 0x0000000059c76000 Uncommon trap: reason=unstable_if action=reinterpret pc=0x0000000002e7ff48 method=com.fasterxml.jackson.databind.ser.impl.PropertySerializerMap$Multi.serializerFor(Ljava/lang/Class;)Lcom/fasterxml/jackson/databind/JsonSerializer; @ 10
Event: 4.137 Thread 0x0000000059c76000 Uncommon trap: reason=array_check action=maybe_recompile pc=0x0000000002fb7d7c method=com.sun.javafx.css.SimpleSelector.applies(Ljavafx/css/Styleable;[Ljava/util/Set;I)Z @ 37
Event: 4.137 Thread 0x0000000059c76000 Uncommon trap: reason=array_check action=maybe_recompile pc=0x0000000002fb7d7c method=com.sun.javafx.css.SimpleSelector.applies(Ljavafx/css/Styleable;[Ljava/util/Set;I)Z @ 37
Event: 4.138 Thread 0x0000000059c76000 Uncommon trap: reason=array_check action=maybe_recompile pc=0x0000000002fb7d7c method=com.sun.javafx.css.SimpleSelector.applies(Ljavafx/css/Styleable;[Ljava/util/Set;I)Z @ 37
Event: 4.138 Thread 0x0000000059c76000 Uncommon trap: reason=array_check action=maybe_recompile pc=0x0000000002fb7d7c method=com.sun.javafx.css.SimpleSelector.applies(Ljavafx/css/Styleable;[Ljava/util/Set;I)Z @ 37

Internal exceptions (10 events):
Event: 3.228 Thread 0x0000000059c76000 Exception <a 'sun/nio/fs/WindowsException'> (0x00000000db501ae0) thrown at [D:\re\workspace\8-2-build-windows-amd64-cygwin\jdk8u40\3098\hotspot\src\share\vm\prims\jni.cpp, line 709]
Event: 3.229 Thread 0x0000000059c76000 Exception <a 'sun/nio/fs/WindowsException'> (0x00000000db502918) thrown at [D:\re\workspace\8-2-build-windows-amd64-cygwin\jdk8u40\3098\hotspot\src\share\vm\prims\jni.cpp, line 709]
Event: 3.447 Thread 0x0000000059c76000 Exception <a 'sun/nio/fs/WindowsException'> (0x00000000d62f1be0) thrown at [D:\re\workspace\8-2-build-windows-amd64-cygwin\jdk8u40\3098\hotspot\src\share\vm\prims\jni.cpp, line 709]
Event: 3.448 Thread 0x0000000059c76000 Exception <a 'sun/nio/fs/WindowsException'> (0x00000000d62f2a18) thrown at [D:\re\workspace\8-2-build-windows-amd64-cygwin\jdk8u40\3098\hotspot\src\share\vm\prims\jni.cpp, line 709]
Event: 3.675 Thread 0x0000000059c76000 Exception <a 'sun/nio/fs/WindowsException'> (0x00000000d832b928) thrown at [D:\re\workspace\8-2-build-windows-amd64-cygwin\jdk8u40\3098\hotspot\src\share\vm\prims\jni.cpp, line 709]
Event: 3.676 Thread 0x0000000059c76000 Exception <a 'sun/nio/fs/WindowsException'> (0x00000000d832c760) thrown at [D:\re\workspace\8-2-build-windows-amd64-cygwin\jdk8u40\3098\hotspot\src\share\vm\prims\jni.cpp, line 709]
Event: 3.921 Thread 0x0000000059c76000 Exception <a 'sun/nio/fs/WindowsException'> (0x00000000da1e1098) thrown at [D:\re\workspace\8-2-build-windows-amd64-cygwin\jdk8u40\3098\hotspot\src\share\vm\prims\jni.cpp, line 709]
Event: 3.922 Thread 0x0000000059c76000 Exception <a 'sun/nio/fs/WindowsException'> (0x00000000da1e1ed0) thrown at [D:\re\workspace\8-2-build-windows-amd64-cygwin\jdk8u40\3098\hotspot\src\share\vm\prims\jni.cpp, line 709]
Event: 4.134 Thread 0x0000000059c76000 Exception <a 'sun/nio/fs/WindowsException'> (0x00000000dc0a7430) thrown at [D:\re\workspace\8-2-build-windows-amd64-cygwin\jdk8u40\3098\hotspot\src\share\vm\prims\jni.cpp, line 709]
Event: 4.135 Thread 0x0000000059c76000 Exception <a 'sun/nio/fs/WindowsException'> (0x00000000dc0a8268) thrown at [D:\re\workspace\8-2-build-windows-amd64-cygwin\jdk8u40\3098\hotspot\src\share\vm\prims\jni.cpp, line 709]

Events (10 events):
Event: 4.141 loading class com/sun/javafx/webkit/prism/WCGraphicsPrismContext$TransparencyLayer$1
Event: 4.141 loading class com/sun/javafx/webkit/prism/WCGraphicsPrismContext$TransparencyLayer$1 done
Event: 4.147 Executing VM operation: EnableBiasedLocking
Event: 4.147 Executing VM operation: EnableBiasedLocking done
Event: 4.149 loading class net/java/html/charts/ChartsTest$11
Event: 4.149 loading class net/java/html/charts/ChartsTest$11 done
Event: 4.155 Executing VM operation: ParallelGCFailedAllocation
Event: 4.160 Executing VM operation: ParallelGCFailedAllocation done
Event: 4.160 Executing VM operation: RevokeBias
Event: 4.161 Executing VM operation: RevokeBias done


Dynamic libraries:
0x000000013fde0000 - 0x000000013fe17000 	C:\Program Files\Java\jdk1.8.0_40\jre\bin\java.exe
0x0000000076df0000 - 0x0000000076f9a000 	C:\windows\SYSTEM32\ntdll.dll
0x0000000076bd0000 - 0x0000000076cef000 	C:\windows\system32\kernel32.dll
0x000007fefce70000 - 0x000007fefceda000 	C:\windows\system32\KERNELBASE.dll
0x000007fefecb0000 - 0x000007fefed8b000 	C:\windows\system32\ADVAPI32.dll
0x000007fefed90000 - 0x000007fefee2f000 	C:\windows\system32\msvcrt.dll
0x000007fefec10000 - 0x000007fefec2f000 	C:\windows\SYSTEM32\sechost.dll
0x000007fefe990000 - 0x000007fefeabd000 	C:\windows\system32\RPCRT4.dll
0x0000000076cf0000 - 0x0000000076dea000 	C:\windows\system32\USER32.dll
0x000007fefd140000 - 0x000007fefd1a7000 	C:\windows\system32\GDI32.dll
0x000007fefeaf0000 - 0x000007fefeafe000 	C:\windows\system32\LPK.dll
0x000007fefe070000 - 0x000007fefe13a000 	C:\windows\system32\USP10.dll
0x000007fefb6c0000 - 0x000007fefb8b4000 	C:\windows\WinSxS\amd64_microsoft.windows.common-controls_6595b64144ccf1df_6.0.7601.18837_none_fa3b1e3d17594757\COMCTL32.dll
0x000007fefec30000 - 0x000007fefeca1000 	C:\windows\system32\SHLWAPI.dll
0x000007fefeac0000 - 0x000007fefeaee000 	C:\windows\system32\IMM32.DLL
0x000007fefdf60000 - 0x000007fefe069000 	C:\windows\system32\MSCTF.dll
0x000000006dd20000 - 0x000000006ddf2000 	C:\Program Files\Java\jdk1.8.0_40\jre\bin\msvcr100.dll
0x00000000663e0000 - 0x0000000066c63000 	C:\Program Files\Java\jdk1.8.0_40\jre\bin\server\jvm.dll
0x000007fef5130000 - 0x000007fef5139000 	C:\windows\system32\WSOCK32.dll
0x000007fefe730000 - 0x000007fefe77d000 	C:\windows\system32\WS2_32.dll
0x000007fefec00000 - 0x000007fefec08000 	C:\windows\system32\NSI.dll
0x000007fefa960000 - 0x000007fefa99b000 	C:\windows\system32\WINMM.dll
0x000007fefbc50000 - 0x000007fefbc5c000 	C:\windows\system32\VERSION.dll
0x0000000076fb0000 - 0x0000000076fb7000 	C:\windows\system32\PSAPI.DLL
0x0000000070bb0000 - 0x0000000070bbf000 	C:\Program Files\Java\jdk1.8.0_40\jre\bin\verify.dll
0x000000006e790000 - 0x000000006e7b9000 	C:\Program Files\Java\jdk1.8.0_40\jre\bin\java.dll
0x000000006f3d0000 - 0x000000006f3e6000 	C:\Program Files\Java\jdk1.8.0_40\jre\bin\zip.dll
0x000007fefd1d0000 - 0x000007fefdf5a000 	C:\windows\system32\SHELL32.dll
0x000007fefcf30000 - 0x000007fefd133000 	C:\windows\system32\ole32.dll
0x000007fefcb80000 - 0x000007fefcb8f000 	C:\windows\system32\profapi.dll
0x000007fefc350000 - 0x000007fefc368000 	C:\windows\system32\CRYPTSP.dll
0x000007fefc040000 - 0x000007fefc087000 	C:\windows\system32\rsaenh.dll
0x000007fefcf00000 - 0x000007fefcf1e000 	C:\windows\system32\USERENV.dll
0x000007fefcab0000 - 0x000007fefcabf000 	C:\windows\system32\CRYPTBASE.dll
0x000000006f0b0000 - 0x000000006f0ca000 	C:\Program Files\Java\jdk1.8.0_40\jre\bin\net.dll
0x000007fefc2d0000 - 0x000007fefc325000 	C:\windows\system32\mswsock.dll
0x000007fefc5d0000 - 0x000007fefc5d7000 	C:\windows\System32\wship6.dll
0x000007fefa4e0000 - 0x000007fefa507000 	C:\windows\system32\IPHLPAPI.DLL
0x000007fefa4b0000 - 0x000007fefa4bb000 	C:\windows\system32\WINNSI.DLL
0x000007fefa300000 - 0x000007fefa311000 	C:\windows\system32\dhcpcsvc6.DLL
0x000007fefa2a0000 - 0x000007fefa2b8000 	C:\windows\system32\dhcpcsvc.DLL
0x000000006e540000 - 0x000000006e551000 	C:\Program Files\Java\jdk1.8.0_40\jre\bin\nio.dll
0x0000000060000000 - 0x000000006002c000 	C:\Program Files\Java\jdk1.8.0_40\jre\bin\prism_d3d.dll
0x000007fee7240000 - 0x000007fee743f000 	C:\windows\system32\d3d9.dll
0x000007fee8c60000 - 0x000007fee8c67000 	C:\windows\system32\d3d8thk.dll
0x000007fefbbb0000 - 0x000007fefbbc8000 	C:\windows\system32\dwmapi.dll
0x000007fefb660000 - 0x000007fefb6b6000 	C:\windows\system32\uxtheme.dll
0x000007feedce0000 - 0x000007feede42000 	C:\windows\system32\aticfx64.dll
0x000007fee1340000 - 0x000007fee1361000 	C:\windows\system32\atiu9p64.dll
0x000007fedd630000 - 0x000007fedde8a000 	C:\windows\system32\atiumd64.dll
0x000000005b210000 - 0x000000005ba96000 	C:\windows\system32\atiumd6a.dll
0x000007fefbbd0000 - 0x000007fefbbfc000 	C:\windows\system32\POWRPROF.dll
0x000007fefe1e0000 - 0x000007fefe3b7000 	C:\windows\system32\SETUPAPI.dll
0x000007fefcb90000 - 0x000007fefcbc6000 	C:\windows\system32\CFGMGR32.dll
0x000007fefe650000 - 0x000007fefe728000 	C:\windows\system32\OLEAUT32.dll
0x000007fefcee0000 - 0x000007fefcefa000 	C:\windows\system32\DEVOBJ.dll
0x000000005ffb0000 - 0x000000005fff1000 	C:\Program Files\Java\jdk1.8.0_40\jre\bin\glass.dll
0x000007fefe140000 - 0x000007fefe1d7000 	C:\windows\system32\COMDLG32.dll
0x0000000066da0000 - 0x0000000066db5000 	C:\Program Files\Java\jdk1.8.0_40\jre\bin\javafx_font.dll
0x000007fee8060000 - 0x000007fee81f7000 	C:\windows\system32\dwrite.dll
0x000007fefeb00000 - 0x000007fefeb99000 	C:\windows\system32\CLBCatQ.DLL
0x000007fefabb0000 - 0x000007fefad11000 	C:\windows\system32\WindowsCodecs.dll
0x000007fefc970000 - 0x000007fefc9c7000 	C:\windows\system32\apphelp.dll
0x0000000074850000 - 0x0000000074866000 	C:\Program Files\Common Files\TortoiseOverlays\TortoiseOverlays.dll
0x0000000074830000 - 0x000000007484b000 	C:\Program Files\TortoiseGit\bin\TortoiseGitStub.dll
0x0000000074670000 - 0x00000000746fe000 	C:\Program Files\TortoiseGit\bin\TortoiseGit.dll
0x000007fef0060000 - 0x000007fef0147000 	C:\Program Files\TortoiseGit\bin\libgit2_tgit.dll
0x000007fefccf0000 - 0x000007fefce5d000 	C:\windows\system32\CRYPT32.dll
0x000007fefcb70000 - 0x000007fefcb7f000 	C:\windows\system32\MSASN1.dll
0x000007fef5420000 - 0x000007fef5491000 	C:\windows\system32\WINHTTP.dll
0x000007fef53b0000 - 0x000007fef5414000 	C:\windows\system32\webio.dll
0x000007fefa900000 - 0x000007fefa918000 	C:\Program Files\TortoiseGit\bin\zlib1_tgit.dll
0x000007feedfc0000 - 0x000007feee0af000 	C:\windows\system32\MSVCR120.dll
0x000007feecec0000 - 0x000007feecfaa000 	C:\Program Files\TortoiseGit\bin\gitdll.dll
0x000007fef0ad0000 - 0x000007fef0b76000 	C:\windows\system32\MSVCP120.dll
0x000007fefa640000 - 0x000007fefa651000 	C:\Program Files\TortoiseGit\bin\crshhndl.dll
0x0000000180000000 - 0x000000018007b000 	C:\Program Files\TortoiseHg\ThgShellx64.dll
0x000007fef2440000 - 0x000007fef275e000 	C:\windows\system32\msi.dll
0x000007feecc80000 - 0x000007feecebf000 	C:\PROGRA~1\MICROS~2\Office15\GROOVEEX.DLL
0x00000000717b0000 - 0x0000000071848000 	C:\windows\system32\MSVCP100.dll
0x0000000074760000 - 0x000000007478b000 	C:\windows\system32\ATL100.DLL
0x000007feea4d0000 - 0x000007feead4d000 	C:\PROGRA~1\MICROS~2\Office15\1033\GrooveIntlResource.dll
0x000007fefb260000 - 0x000007fefb26f000 	C:\windows\system32\AcSignIcon.dll
0x000007fee9f60000 - 0x000007feea4c5000 	C:\windows\system32\mfc110u.dll
0x000007feeff80000 - 0x000007fef0054000 	C:\windows\system32\MSVCR110.dll
0x000007fefa030000 - 0x000007fefa065000 	C:\windows\system32\EhStorShell.dll
0x000007fefadf0000 - 0x000007fefaf1c000 	C:\windows\system32\PROPSYS.dll
0x000007fef1b70000 - 0x000007fef1bee000 	C:\windows\System32\cscui.dll
0x000007fefad60000 - 0x000007fefad6c000 	C:\windows\System32\CSCDLL.dll
0x000007fef0d00000 - 0x000007fef0d0f000 	C:\windows\system32\CSCAPI.dll
0x000007feefc10000 - 0x000007feefc3d000 	C:\Program Files\Common Files\Microsoft Shared\Ink\rtscom.dll
0x0000000060030000 - 0x0000000061408000 	C:\Program Files\Java\jdk1.8.0_40\jre\bin\jfxwebkit.dll
0x0000000063d10000 - 0x0000000063d82000 	C:\Program Files\Java\jdk1.8.0_40\jre\bin\glib-lite.dll
0x0000000063d90000 - 0x0000000063e2c000 	C:\Program Files\Java\jdk1.8.0_40\jre\bin\gstreamer-lite.dll
0x000007feef2f0000 - 0x000007feef378000 	C:\windows\system32\DSOUND.dll
0x0000000063e30000 - 0x0000000063e54000 	C:\Program Files\Java\jdk1.8.0_40\jre\bin\jfxmedia.dll
0x0000000067ec0000 - 0x0000000067ed1000 	C:\Program Files\Java\jdk1.8.0_40\jre\bin\prism_common.dll
0x000000006db80000 - 0x000000006dd18000 	C:\Program Files\Java\jdk1.8.0_40\jre\bin\awt.dll
0x000007feee760000 - 0x000007feee885000 	C:\windows\system32\dbghelp.dll

VM Arguments:
java_command: C:\Users\daykin\git\dukescript-plotlyjs\plotlyjs-api\target\surefire\surefirebooter7757998983217737399.jar C:\Users\daykin\git\dukescript-plotlyjs\plotlyjs-api\target\surefire\surefire2623730046134037069tmp C:\Users\daykin\git\dukescript-plotlyjs\plotlyjs-api\target\surefire\surefire_01509450406019646094tmp
java_class_path (initial): C:\Users\daykin\git\dukescript-plotlyjs\plotlyjs-api\target\surefire\surefirebooter7757998983217737399.jar
Launcher Type: SUN_STANDARD

Environment Variables:
JAVA_HOME=C:\Program Files\Java\jdk1.8.0_40
PATH=C:\Ruby21-x64\bin;C:\ProgramData\Oracle\Java\javapath;C:\Program Files (x86)\Business Objects\Common\3.5\bin\NOTES\;C:\Program Files (x86)\Business Objects\Common\3.5\bin\NOTES\DATA\;C:\windows\system32;C:\windows;C:\windows\System32\Wbem;C:\windows\System32\WindowsPowerShell\v1.0\;C:\windows\System32\WindowsPowerShell\v1.0\;C:\Python34;C:\Program Files\Microsoft SQL Server\110\Tools\Binn\;C:\windows\system32\config\systemprofile\.dnx\bin;C:\Program Files\Microsoft DNX\Dnvm\;C:\Program Files\Microsoft SQL Server\120\Tools\Binn\;C:\Program Files (x86)\AMD\ATI.ACE\Core-Static;C:\bin\Puppet\bin;C:\HashiCorp\Vagrant\bin;C:\TDM-GCC-64\bin;C:\MinGW\bin;C:\Program Files\nodejs\;C:\Program Files\TortoiseGit\bin;C:\Program Files\MATLAB\R2016a\runtime\win64;C:\Program Files\MATLAB\R2016a\bin;C:\apache-maven-3.3.9\bin;C:\Program Files\TortoiseHg\;C:\Anaconda27;C:\Anaconda27\Scripts;C:\Program Files (x86)\CMake\bin;C:\Program Files (x86)\Git\bin\git.exe;C:\Users\daykin\AppData\Roaming\npm
USERNAME=daykin
OS=Windows_NT
PROCESSOR_IDENTIFIER=Intel64 Family 6 Model 58 Stepping 9, GenuineIntel



---------------  S Y S T E M  ---------------

OS: Windows 7 , 64 bit Build 7601 (6.1.7601.23392)

CPU:total 4 (4 cores per cpu, 1 threads per core) family 6 model 58 stepping 9, cmov, cx8, fxsr, mmx, sse, sse2, sse3, ssse3, sse4.1, sse4.2, popcnt, avx, aes, clmul, erms, tsc, tscinvbit, tscinv

Memory: 4k page, physical 8374740k(1322636k free), swap 16747624k(9528168k free)

vm_info: Java HotSpot(TM) 64-Bit Server VM (25.40-b25) for windows-amd64 JRE (1.8.0_40-b26), built on Mar  7 2015 13:51:59 by "java_re" with MS VC++ 10.0 (VS2010)

time: Thu May 12 15:19:47 2016
elapsed time: 4 seconds (0d 0h 0m 4s)

