#
# A fatal error has been detected by the Java Runtime Environment:
#
#  EXCEPTION_ACCESS_VIOLATION (0xc0000005) at pc=0x0000000101ce0640, pid=4424, tid=5512
#
# JRE version: Java(TM) SE Runtime Environment (8.0_40-b26) (build 1.8.0_40-b26)
# Java VM: Java HotSpot(TM) 64-Bit Server VM (25.40-b25 mixed mode windows-amd64 compressed oops)
# Problematic frame:
# C  0x0000000101ce0640
#
# Failed to write core dump. Minidumps are not enabled by default on client versions of Windows
#
# If you would like to submit a bug report, please visit:
#   http://bugreport.java.com/bugreport/crash.jsp
# The crash happened outside the Java Virtual Machine in native code.
# See problematic frame for where to report the bug.
#

---------------  T H R E A D  ---------------

Current thread (0x0000000059b2a000):  JavaThread "JavaFX Application Thread" [_thread_in_native, id=5512, stack(0x000000005b3b0000,0x000000005b4b0000)]

siginfo: ExceptionCode=0xc0000005, ExceptionInformation=0x0000000000000008 0x0000000101ce0640

Registers:
RAX=0x000000007e50cdb0, RBX=0x000000007d95142b, RCX=0x000000007d95142b, RDX=0x000000005f331240
RSP=0x000000005b4ac778, RBP=0x000000005b4ac800, RSI=0x0000000059e06010, RDI=0x000000005b4ac968
R8 =0x0000000100249936, R9 =0x000000007bd619a0, R10=0xbb49f04d89495990, R11=0x0000000000000000
R12=0x0000000000000200, R13=0x000000005f331240, R14=0xffff000000000000, R15=0xffff000000000002
RIP=0x0000000101ce0640, EFLAGS=0x0000000000010202

Top of Stack: (sp=0x000000005b4ac778)
0x000000005b4ac778:   00000001002498b2 000000007d95142b
0x000000005b4ac788:   0000000059e06010 000000005b4ac800
0x000000005b4ac798:   0000000059e06010 0000000059b2a1f8
0x000000005b4ac7a8:   000000007e84d270 000000007c0b14a8
0x000000005b4ac7b8:   0000000077913a70 0000000000000000
0x000000005b4ac7c8:   000000007efcec78 000000005b4ac950
0x000000005b4ac7d8:   0000000059e73f20 000000006e550e70
0x000000005b4ac7e8:   0000000059e73f20 000000005b4ad378
0x000000005b4ac7f8:   000000001256b478 000000005b4ac950
0x000000005b4ac808:   000000005e899ce7 000000007e5375a0
0x000000005b4ac818:   0000000059e06010 000000005f3311d8
0x000000005b4ac828:   0000000000000000 0000000000000000
0x000000005b4ac838:   0000000059e73f20 000000005f330038
0x000000005b4ac848:   000000005e8a0791 0000000059e7cf08
0x000000005b4ac858:   0000000059e7cf08 0000000059e06010
0x000000005b4ac868:   000000001256b270 0000000059e73f20 

Instructions: (pc=0x0000000101ce0640)
0x0000000101ce0620:   
[error occurred during error reporting (printing registers, top of stack, instructions near pc), id 0xc0000005]

Register to memory mapping:

RAX=0x000000007e50cdb0 is an unknown value
RBX=0x000000007d95142b is an unknown value
RCX=0x000000007d95142b is an unknown value
RDX=0x000000005f331240 is an unknown value
RSP=0x000000005b4ac778 is pointing into the stack for thread: 0x0000000059b2a000
RBP=0x000000005b4ac800 is pointing into the stack for thread: 0x0000000059b2a000
RSI=0x0000000059e06010 is an unknown value
RDI=0x000000005b4ac968 is pointing into the stack for thread: 0x0000000059b2a000
R8 =0x0000000100249936 is an unknown value
R9 =0x000000007bd619a0 is an unknown value
R10=0xbb49f04d89495990 is an unknown value
R11=0x0000000000000000 is an unknown value
R12=0x0000000000000200 is an unknown value
R13=0x000000005f331240 is an unknown value
R14=0xffff000000000000 is an unknown value
R15=0xffff000000000002 is an unknown value


Stack: [0x000000005b3b0000,0x000000005b4b0000],  sp=0x000000005b4ac778,  free space=1009k
Native frames: (J=compiled Java code, j=interpreted, Vv=VM code, C=native code)
C  0x0000000101ce0640

Java frames: (J=compiled Java code, j=interpreted, Vv=VM code)
j  com.sun.webkit.WebPage.twkExecuteScript(JLjava/lang/String;)Ljava/lang/Object;+0
j  com.sun.webkit.WebPage.executeScript(JLjava/lang/String;)Ljava/lang/Object;+107
j  javafx.scene.web.WebEngine.executeScript(Ljava/lang/String;)Ljava/lang/Object;+19
j  org.netbeans.html.boot.fx.AbstractFXPresenter.loadScript(Ljava/io/Reader;)V+58
j  org.netbeans.html.boot.spi.Fn$1.loadResource()V+179
j  org.netbeans.html.boot.spi.Fn$1.invoke(Ljava/lang/Object;[Ljava/lang/Object;)Ljava/lang/Object;+1
j  net.java.html.plotlyjs.Plotly.jsNewPlot(Ljava/lang/String;Ljava/lang/String;Ljava/lang/String;Ljava/lang/String;)Ljava/lang/Object;+101
j  net.java.html.plotlyjs.Plotly.newPlot(Ljava/lang/String;Lnet/java/html/plotlyjs/Data;Lnet/java/html/plotlyjs/Layout;)Lnet/java/html/plotlyjs/Plotly;+87
j  net.java.html.charts.ChartsTest$10.call()Ljava/lang/Void;+129
j  net.java.html.charts.ChartsTest$10.call()Ljava/lang/Object;+1
j  net.java.html.charts.ChartsTest$16.run()V+17
j  com.sun.javafx.application.PlatformImpl.lambda$null$170(Ljava/lang/Runnable;)Ljava/lang/Void;+1
j  com.sun.javafx.application.PlatformImpl$$Lambda$50.run()Ljava/lang/Object;+4
v  ~StubRoutines::call_stub
J 2360  java.security.AccessController.doPrivileged(Ljava/security/PrivilegedAction;Ljava/security/AccessControlContext;)Ljava/lang/Object; (0 bytes) @ 0x0000000003063e66 [0x0000000003063e00+0x66]
j  com.sun.javafx.application.PlatformImpl.lambda$runLater$171(Ljava/lang/Runnable;Ljava/security/AccessControlContext;)V+7
j  com.sun.javafx.application.PlatformImpl$$Lambda$49.run()V+8
j  com.sun.glass.ui.InvokeLaterDispatcher$Future.run()V+4
v  ~StubRoutines::call_stub
j  com.sun.glass.ui.win.WinApplication._runLoop(Ljava/lang/Runnable;)V+0
j  com.sun.glass.ui.win.WinApplication.lambda$null$145(Ljava/lang/Runnable;)V+7
j  com.sun.glass.ui.win.WinApplication$$Lambda$38.run()V+8
j  java.lang.Thread.run()V+11
v  ~StubRoutines::call_stub

---------------  P R O C E S S  ---------------

Java Threads: ( => current thread )
  0x000000007c1b9000 JavaThread "URL-Loader-14" daemon [_thread_blocked, id=8088, stack(0x000000007ec80000,0x000000007ed80000)]
  0x000000007c1b8800 JavaThread "pool-15-thread-1" [_thread_blocked, id=2668, stack(0x000000007ea20000,0x000000007eb20000)]
  0x0000000079b61000 JavaThread "URL-Loader-13" daemon [_thread_blocked, id=6732, stack(0x000000007d1b0000,0x000000007d2b0000)]
  0x0000000079b60000 JavaThread "pool-14-thread-1" [_thread_blocked, id=6464, stack(0x000000007d080000,0x000000007d180000)]
  0x0000000079204000 JavaThread "URL-Loader-12" daemon [_thread_blocked, id=7920, stack(0x000000007aa20000,0x000000007ab20000)]
  0x000000006b4c1800 JavaThread "pool-13-thread-1" [_thread_blocked, id=5144, stack(0x000000007a820000,0x000000007a920000)]
  0x000000007551a000 JavaThread "URL-Loader-11" daemon [_thread_blocked, id=4496, stack(0x0000000077dd0000,0x0000000077ed0000)]
  0x0000000075518800 JavaThread "pool-12-thread-1" [_thread_blocked, id=7228, stack(0x0000000077b30000,0x0000000077c30000)]
  0x0000000072544000 JavaThread "URL-Loader-10" daemon [_thread_blocked, id=6864, stack(0x0000000075af0000,0x0000000075bf0000)]
  0x0000000072543800 JavaThread "pool-11-thread-1" [_thread_blocked, id=5088, stack(0x0000000075c00000,0x0000000075d00000)]
  0x0000000071f4c800 JavaThread "URL-Loader-9" daemon [_thread_blocked, id=4124, stack(0x0000000072ed0000,0x0000000072fd0000)]
  0x0000000071f4c000 JavaThread "pool-10-thread-1" [_thread_blocked, id=3380, stack(0x0000000072d40000,0x0000000072e40000)]
  0x000000006bf71800 JavaThread "URL-Loader-8" daemon [_thread_blocked, id=3336, stack(0x000000006f8f0000,0x000000006f9f0000)]
  0x000000006bf71000 JavaThread "pool-9-thread-1" [_thread_blocked, id=6020, stack(0x000000006fa00000,0x000000006fb00000)]
  0x000000006b4c3000 JavaThread "URL-Loader-7" daemon [_thread_blocked, id=7204, stack(0x000000006e740000,0x000000006e840000)]
  0x000000006b4c2000 JavaThread "pool-8-thread-1" [_thread_blocked, id=6576, stack(0x000000006e5a0000,0x000000006e6a0000)]
  0x000000006b4c0800 JavaThread "URL-Loader-6" daemon [_thread_blocked, id=6252, stack(0x000000006e300000,0x000000006e400000)]
  0x0000000062975000 JavaThread "URL-Loader-5" daemon [_thread_blocked, id=3188, stack(0x000000006c0f0000,0x000000006c1f0000)]
  0x0000000067d51000 JavaThread "pool-7-thread-1" [_thread_blocked, id=4572, stack(0x000000006c210000,0x000000006c310000)]
  0x0000000067d4f800 JavaThread "URL-Loader-4" daemon [_thread_blocked, id=6936, stack(0x000000006aee0000,0x000000006afe0000)]
  0x0000000062dff800 JavaThread "URL-Loader-3" daemon [_thread_blocked, id=3912, stack(0x00000000690b0000,0x00000000691b0000)]
  0x0000000062dfe800 JavaThread "pool-6-thread-1" [_thread_blocked, id=7912, stack(0x0000000068cd0000,0x0000000068dd0000)]
  0x0000000062972000 JavaThread "URL-Loader-2" daemon [_thread_blocked, id=1708, stack(0x0000000066620000,0x0000000066720000)]
  0x0000000060455000 JavaThread "pool-5-thread-1" [_thread_blocked, id=4376, stack(0x00000000662c0000,0x00000000663c0000)]
  0x0000000060452800 JavaThread "Prism Font Disposer" daemon [_thread_blocked, id=5712, stack(0x00000000650e0000,0x00000000651e0000)]
  0x000000005f768000 JavaThread "Watchdog-Timer-1" daemon [_thread_blocked, id=5480, stack(0x0000000061330000,0x0000000061430000)]
  0x0000000059ec5000 JavaThread "URL-Loader-1" daemon [_thread_blocked, id=3752, stack(0x00000000610c0000,0x00000000611c0000)]
  0x0000000059e88000 JavaThread "Disposer" daemon [_thread_blocked, id=5336, stack(0x000000005da50000,0x000000005db50000)]
  0x0000000059bac800 JavaThread "Thread-4" daemon [_thread_in_native, id=7876, stack(0x000000005d060000,0x000000005d160000)]
=>0x0000000059b2a000 JavaThread "JavaFX Application Thread" [_thread_in_native, id=5512, stack(0x000000005b3b0000,0x000000005b4b0000)]
  0x0000000059b29800 JavaThread "Thread-3" daemon [_thread_blocked, id=7928, stack(0x000000005b2a0000,0x000000005b3a0000)]
  0x0000000059d30000 JavaThread "QuantumRenderer-0" daemon [_thread_blocked, id=7956, stack(0x000000005aae0000,0x000000005abe0000)]
  0x0000000059cb1800 JavaThread "JavaFX-Launcher" [_thread_blocked, id=5348, stack(0x000000005a7a0000,0x000000005a8a0000)]
  0x0000000059d0b000 JavaThread "pool-2-thread-1" [_thread_blocked, id=1652, stack(0x000000005a4a0000,0x000000005a5a0000)]
  0x0000000059b09800 JavaThread "pool-1-thread-1" [_thread_blocked, id=4020, stack(0x000000005a5f0000,0x000000005a6f0000)]
  0x0000000058b30000 JavaThread "Service Thread" daemon [_thread_blocked, id=7420, stack(0x0000000059550000,0x0000000059650000)]
  0x0000000058aba800 JavaThread "C1 CompilerThread2" daemon [_thread_blocked, id=6444, stack(0x00000000593b0000,0x00000000594b0000)]
  0x0000000058ab9800 JavaThread "C2 CompilerThread1" daemon [_thread_blocked, id=7736, stack(0x0000000059100000,0x0000000059200000)]
  0x0000000058ab4800 JavaThread "C2 CompilerThread0" daemon [_thread_blocked, id=7184, stack(0x0000000059220000,0x0000000059320000)]
  0x0000000057757000 JavaThread "Attach Listener" daemon [_thread_blocked, id=2912, stack(0x0000000058f70000,0x0000000059070000)]
  0x0000000057755800 JavaThread "Signal Dispatcher" daemon [_thread_blocked, id=448, stack(0x0000000058640000,0x0000000058740000)]
  0x00000000576fb800 JavaThread "Finalizer" daemon [_thread_blocked, id=1908, stack(0x00000000589b0000,0x0000000058ab0000)]
  0x00000000576f5000 JavaThread "Reference Handler" daemon [_thread_blocked, id=2460, stack(0x0000000058890000,0x0000000058990000)]
  0x00000000022ee800 JavaThread "main" [_thread_blocked, id=4340, stack(0x0000000002570000,0x0000000002670000)]

Other Threads:
  0x00000000576ef000 VMThread [stack: 0x0000000058780000,0x0000000058880000] [id=7844]
  0x0000000058b32800 WatcherThread [stack: 0x0000000059660000,0x0000000059760000] [id=1412]

VM state:not at safepoint (normal execution)

VM Mutex/Monitor currently owned by a thread: None

Heap:
 PSYoungGen      total 99840K, used 52037K [0x00000000d5600000, 0x00000000dde80000, 0x0000000100000000)
  eden space 89088K, 52% used [0x00000000d5600000,0x00000000d83b64f0,0x00000000dad00000)
  from space 10752K, 48% used [0x00000000dad00000,0x00000000db21b120,0x00000000db780000)
  to   space 10752K, 0% used [0x00000000dd400000,0x00000000dd400000,0x00000000dde80000)
 ParOldGen       total 57856K, used 11941K [0x0000000080200000, 0x0000000083a80000, 0x00000000d5600000)
  object space 57856K, 20% used [0x0000000080200000,0x0000000080da96a0,0x0000000083a80000)
 Metaspace       used 22475K, capacity 23200K, committed 23344K, reserved 1069056K
  class space    used 2853K, capacity 3029K, committed 3120K, reserved 1048576K

Card table byte_map: [0x0000000011d00000,0x0000000012100000] byte_map_base: 0x00000000118ff000

Marking Bits: (ParMarkBitMap*) 0x0000000070b54040
 Begin Bits: [0x0000000012970000, 0x0000000014968000)
 End Bits:   [0x0000000014968000, 0x0000000016960000)

Polling page: 0x0000000000130000

CodeCache: size=245760Kb used=7738Kb max_used=7753Kb free=238021Kb
 bounds [0x0000000002940000, 0x00000000030e0000, 0x0000000011940000]
 total_blobs=3288 nmethods=2545 adapters=654
 compilation: enabled

Compilation events (10 events):
Event: 4.112 Thread 0x0000000058aba800 nmethod 2541 0x00000000030c2810 code [0x00000000030c2960, 0x00000000030c2b10]
Event: 4.112 Thread 0x0000000058aba800 2544       3       com.fasterxml.jackson.databind.introspect.BasicClassIntrospector::_findStdTypeDesc (58 bytes)
Event: 4.112 Thread 0x0000000058ab9800 nmethod 2540 0x0000000002ea4b90 code [0x0000000002ea4cc0, 0x0000000002ea4cf8]
Event: 4.112 Thread 0x0000000058aba800 nmethod 2544 0x00000000030cde50 code [0x00000000030cdfe0, 0x00000000030ce448]
Event: 4.112 Thread 0x0000000058aba800 2542       3       com.fasterxml.jackson.databind.cfg.MapperConfigBase::findMixInClassFor (9 bytes)
Event: 4.112 Thread 0x0000000058aba800 nmethod 2542 0x00000000030cda50 code [0x00000000030cdbc0, 0x00000000030cdd68]
Event: 4.112 Thread 0x0000000058aba800 2543       3       com.fasterxml.jackson.databind.introspect.SimpleMixInResolver::findMixInClassFor (56 bytes)
Event: 4.112 Thread 0x0000000058ab4800 2545       4       java.net.URLStreamHandler::setURL (40 bytes)
Event: 4.112 Thread 0x0000000058aba800 nmethod 2543 0x00000000030ccd10 code [0x00000000030ccee0, 0x00000000030cd718]
Event: 4.114 Thread 0x0000000058ab4800 nmethod 2545 0x00000000030c9810 code [0x00000000030c9960, 0x00000000030c9c78]

GC Heap History (10 events):
Event: 2.152 GC heap before
{Heap before GC invocations=6 (full 1):
 PSYoungGen      total 38400K, used 4216K [0x00000000d5600000, 0x00000000da600000, 0x0000000100000000)
  eden space 33280K, 0% used [0x00000000d5600000,0x00000000d5600000,0x00000000d7680000)
  from space 5120K, 82% used [0x00000000d7680000,0x00000000d7a9e000,0x00000000d7b80000)
  to   space 7680K, 0% used [0x00000000d9e80000,0x00000000d9e80000,0x00000000da600000)
 ParOldGen       total 87552K, used 9094K [0x0000000080200000, 0x0000000085780000, 0x00000000d5600000)
  object space 87552K, 10% used [0x0000000080200000,0x0000000080ae1b20,0x0000000085780000)
 Metaspace       used 20585K, capacity 21234K, committed 21296K, reserved 1067008K
  class space    used 2661K, capacity 2852K, committed 2864K, reserved 1048576K
Event: 2.170 GC heap after
Heap after GC invocations=6 (full 1):
 PSYoungGen      total 38400K, used 0K [0x00000000d5600000, 0x00000000da600000, 0x0000000100000000)
  eden space 33280K, 0% used [0x00000000d5600000,0x00000000d5600000,0x00000000d7680000)
  from space 5120K, 0% used [0x00000000d7680000,0x00000000d7680000,0x00000000d7b80000)
  to   space 7680K, 0% used [0x00000000d9e80000,0x00000000d9e80000,0x00000000da600000)
 ParOldGen       total 57856K, used 6337K [0x0000000080200000, 0x0000000083a80000, 0x00000000d5600000)
  object space 57856K, 10% used [0x0000000080200000,0x0000000080830550,0x0000000083a80000)
 Metaspace       used 20585K, capacity 21234K, committed 21296K, reserved 1067008K
  class space    used 2661K, capacity 2852K, committed 2864K, reserved 1048576K
}
Event: 2.338 GC heap before
{Heap before GC invocations=7 (full 1):
 PSYoungGen      total 38400K, used 28770K [0x00000000d5600000, 0x00000000da600000, 0x0000000100000000)
  eden space 33280K, 86% used [0x00000000d5600000,0x00000000d7218be8,0x00000000d7680000)
  from space 5120K, 0% used [0x00000000d7680000,0x00000000d7680000,0x00000000d7b80000)
  to   space 7680K, 0% used [0x00000000d9e80000,0x00000000d9e80000,0x00000000da600000)
 ParOldGen       total 57856K, used 6337K [0x0000000080200000, 0x0000000083a80000, 0x00000000d5600000)
  object space 57856K, 10% used [0x0000000080200000,0x0000000080830550,0x0000000083a80000)
 Metaspace       used 21907K, capacity 22568K, committed 22704K, reserved 1069056K
  class space    used 2822K, capacity 2991K, committed 2992K, reserved 1048576K
Event: 2.343 GC heap after
Heap after GC invocations=7 (full 1):
 PSYoungGen      total 62464K, used 7666K [0x00000000d5600000, 0x00000000da600000, 0x0000000100000000)
  eden space 54784K, 0% used [0x00000000d5600000,0x00000000d5600000,0x00000000d8b80000)
  from space 7680K, 99% used [0x00000000d9e80000,0x00000000da5fc860,0x00000000da600000)
  to   space 11776K, 0% used [0x00000000d8f00000,0x00000000d8f00000,0x00000000d9a80000)
 ParOldGen       total 57856K, used 11071K [0x0000000080200000, 0x0000000083a80000, 0x00000000d5600000)
  object space 57856K, 19% used [0x0000000080200000,0x0000000080ccfe58,0x0000000083a80000)
 Metaspace       used 21907K, capacity 22568K, committed 22704K, reserved 1069056K
  class space    used 2822K, capacity 2991K, committed 2992K, reserved 1048576K
}
Event: 2.793 GC heap before
{Heap before GC invocations=8 (full 1):
 PSYoungGen      total 62464K, used 60748K [0x00000000d5600000, 0x00000000da600000, 0x0000000100000000)
  eden space 54784K, 96% used [0x00000000d5600000,0x00000000d89d68b0,0x00000000d8b80000)
  from space 7680K, 99% used [0x00000000d9e80000,0x00000000da5fc860,0x00000000da600000)
  to   space 11776K, 0% used [0x00000000d8f00000,0x00000000d8f00000,0x00000000d9a80000)
 ParOldGen       total 57856K, used 11071K [0x0000000080200000, 0x0000000083a80000, 0x00000000d5600000)
  object space 57856K, 19% used [0x0000000080200000,0x0000000080ccfe58,0x0000000083a80000)
 Metaspace       used 22131K, capacity 22836K, committed 23088K, reserved 1069056K
  class space    used 2828K, capacity 2993K, committed 3120K, reserved 1048576K
Event: 2.797 GC heap after
Heap after GC invocations=8 (full 1):
 PSYoungGen      total 70144K, used 5698K [0x00000000d5600000, 0x00000000dc280000, 0x0000000100000000)
  eden space 58368K, 0% used [0x00000000d5600000,0x00000000d5600000,0x00000000d8f00000)
  from space 11776K, 48% used [0x00000000d8f00000,0x00000000d9490978,0x00000000d9a80000)
  to   space 11264K, 0% used [0x00000000db780000,0x00000000db780000,0x00000000dc280000)
 ParOldGen       total 57856K, used 11079K [0x0000000080200000, 0x0000000083a80000, 0x00000000d5600000)
  object space 57856K, 19% used [0x0000000080200000,0x0000000080cd1e58,0x0000000083a80000)
 Metaspace       used 22131K, capacity 22836K, committed 23088K, reserved 1069056K
  class space    used 2828K, capacity 2993K, committed 3120K, reserved 1048576K
}
Event: 3.187 GC heap before
{Heap before GC invocations=9 (full 1):
 PSYoungGen      total 70144K, used 64066K [0x00000000d5600000, 0x00000000dc280000, 0x0000000100000000)
  eden space 58368K, 100% used [0x00000000d5600000,0x00000000d8f00000,0x00000000d8f00000)
  from space 11776K, 48% used [0x00000000d8f00000,0x00000000d9490978,0x00000000d9a80000)
  to   space 11264K, 0% used [0x00000000db780000,0x00000000db780000,0x00000000dc280000)
 ParOldGen       total 57856K, used 11079K [0x0000000080200000, 0x0000000083a80000, 0x00000000d5600000)
  object space 57856K, 19% used [0x0000000080200000,0x0000000080cd1e58,0x0000000083a80000)
 Metaspace       used 22239K, capacity 22902K, committed 23088K, reserved 1069056K
  class space    used 2834K, capacity 2994K, committed 3120K, reserved 1048576K
Event: 3.190 GC heap after
Heap after GC invocations=9 (full 1):
 PSYoungGen      total 100352K, used 3753K [0x00000000d5600000, 0x00000000dc500000, 0x0000000100000000)
  eden space 89088K, 0% used [0x00000000d5600000,0x00000000d5600000,0x00000000dad00000)
  from space 11264K, 33% used [0x00000000db780000,0x00000000dbb2a728,0x00000000dc280000)
  to   space 10752K, 0% used [0x00000000dad00000,0x00000000dad00000,0x00000000db780000)
 ParOldGen       total 57856K, used 11087K [0x0000000080200000, 0x0000000083a80000, 0x00000000d5600000)
  object space 57856K, 19% used [0x0000000080200000,0x0000000080cd3e58,0x0000000083a80000)
 Metaspace       used 22239K, capacity 22902K, committed 23088K, reserved 1069056K
  class space    used 2834K, capacity 2994K, committed 3120K, reserved 1048576K
}
Event: 3.861 GC heap before
{Heap before GC invocations=10 (full 1):
 PSYoungGen      total 100352K, used 92841K [0x00000000d5600000, 0x00000000dc500000, 0x0000000100000000)
  eden space 89088K, 100% used [0x00000000d5600000,0x00000000dad00000,0x00000000dad00000)
  from space 11264K, 33% used [0x00000000db780000,0x00000000dbb2a728,0x00000000dc280000)
  to   space 10752K, 0% used [0x00000000dad00000,0x00000000dad00000,0x00000000db780000)
 ParOldGen       total 57856K, used 11087K [0x0000000080200000, 0x0000000083a80000, 0x00000000d5600000)
  object space 57856K, 19% used [0x0000000080200000,0x0000000080cd3e58,0x0000000083a80000)
 Metaspace       used 22417K, capacity 23134K, committed 23344K, reserved 1069056K
  class space    used 2847K, capacity 3028K, committed 3120K, reserved 1048576K
Event: 3.865 GC heap after
Heap after GC invocations=10 (full 1):
 PSYoungGen      total 99840K, used 5228K [0x00000000d5600000, 0x00000000dde80000, 0x0000000100000000)
  eden space 89088K, 0% used [0x00000000d5600000,0x00000000d5600000,0x00000000dad00000)
  from space 10752K, 48% used [0x00000000dad00000,0x00000000db21b120,0x00000000db780000)
  to   space 10752K, 0% used [0x00000000dd400000,0x00000000dd400000,0x00000000dde80000)
 ParOldGen       total 57856K, used 11941K [0x0000000080200000, 0x0000000083a80000, 0x00000000d5600000)
  object space 57856K, 20% used [0x0000000080200000,0x0000000080da96a0,0x0000000083a80000)
 Metaspace       used 22417K, capacity 23134K, committed 23344K, reserved 1069056K
  class space    used 2847K, capacity 3028K, committed 3120K, reserved 1048576K
}

Deoptimization events (10 events):
Event: 1.754 Thread 0x0000000059b2a000 Uncommon trap: reason=bimorphic action=maybe_recompile pc=0x0000000002d451e4 method=java.util.HashMap.putVal(ILjava/lang/Object;Ljava/lang/Object;ZZ)Ljava/lang/Object; @ 203
Event: 2.234 Thread 0x0000000059b2a000 Uncommon trap: reason=unstable_if action=reinterpret pc=0x0000000002d5e380 method=java.io.ByteArrayInputStream.read()I @ 8
Event: 2.236 Thread 0x0000000067d4f800 Uncommon trap: reason=unstable_if action=reinterpret pc=0x0000000002e871d0 method=java.net.URL.<init>(Ljava/net/URL;Ljava/lang/String;Ljava/net/URLStreamHandler;)V @ 30
Event: 2.250 Thread 0x0000000059b2a000 Uncommon trap: reason=unstable_if action=reinterpret pc=0x0000000002e53990 method=javafx.beans.property.ObjectPropertyBase.get()Ljava/lang/Object; @ 9
Event: 2.332 Thread 0x0000000059b2a000 Uncommon trap: reason=unstable_if action=reinterpret pc=0x0000000002e48408 method=java.util.WeakHashMap.expungeStaleEntries()V @ 9
Event: 2.588 Thread 0x0000000059b2a000 Uncommon trap: reason=unstable_if action=reinterpret pc=0x0000000002f50c44 method=com.sun.imageio.plugins.png.PNGImageWriter.encodePass(Ljavax/imageio/stream/ImageOutputStream;Ljava/awt/image/RenderedImage;IIII)V @ 303
Event: 4.007 Thread 0x0000000059b2a000 Uncommon trap: reason=array_check action=maybe_recompile pc=0x00000000030ae598 method=com.sun.javafx.css.SimpleSelector.applies(Ljavafx/css/Styleable;[Ljava/util/Set;I)Z @ 37
Event: 4.007 Thread 0x0000000059b2a000 Uncommon trap: reason=array_check action=maybe_recompile pc=0x00000000030ae598 method=com.sun.javafx.css.SimpleSelector.applies(Ljavafx/css/Styleable;[Ljava/util/Set;I)Z @ 37
Event: 4.007 Thread 0x0000000059b2a000 Uncommon trap: reason=array_check action=maybe_recompile pc=0x00000000030ae598 method=com.sun.javafx.css.SimpleSelector.applies(Ljavafx/css/Styleable;[Ljava/util/Set;I)Z @ 37
Event: 4.007 Thread 0x0000000059b2a000 Uncommon trap: reason=array_check action=maybe_recompile pc=0x00000000030ae598 method=com.sun.javafx.css.SimpleSelector.applies(Ljavafx/css/Styleable;[Ljava/util/Set;I)Z @ 37

Internal exceptions (10 events):
Event: 3.173 Thread 0x0000000059b2a000 Exception <a 'sun/nio/fs/WindowsException'> (0x00000000d7397048) thrown at [D:\re\workspace\8-2-build-windows-amd64-cygwin\jdk8u40\3098\hotspot\src\share\vm\prims\jni.cpp, line 709]
Event: 3.174 Thread 0x0000000059b2a000 Exception <a 'sun/nio/fs/WindowsException'> (0x00000000d7397e80) thrown at [D:\re\workspace\8-2-build-windows-amd64-cygwin\jdk8u40\3098\hotspot\src\share\vm\prims\jni.cpp, line 709]
Event: 3.404 Thread 0x0000000059b2a000 Exception <a 'sun/nio/fs/WindowsException'> (0x00000000d5708c78) thrown at [D:\re\workspace\8-2-build-windows-amd64-cygwin\jdk8u40\3098\hotspot\src\share\vm\prims\jni.cpp, line 709]
Event: 3.405 Thread 0x0000000059b2a000 Exception <a 'sun/nio/fs/WindowsException'> (0x00000000d5709ab0) thrown at [D:\re\workspace\8-2-build-windows-amd64-cygwin\jdk8u40\3098\hotspot\src\share\vm\prims\jni.cpp, line 709]
Event: 3.644 Thread 0x0000000059b2a000 Exception <a 'sun/nio/fs/WindowsException'> (0x00000000d741d848) thrown at [D:\re\workspace\8-2-build-windows-amd64-cygwin\jdk8u40\3098\hotspot\src\share\vm\prims\jni.cpp, line 709]
Event: 3.645 Thread 0x0000000059b2a000 Exception <a 'sun/nio/fs/WindowsException'> (0x00000000d741e680) thrown at [D:\re\workspace\8-2-build-windows-amd64-cygwin\jdk8u40\3098\hotspot\src\share\vm\prims\jni.cpp, line 709]
Event: 3.847 Thread 0x0000000059b2a000 Exception <a 'sun/nio/fs/WindowsException'> (0x00000000d94a8d78) thrown at [D:\re\workspace\8-2-build-windows-amd64-cygwin\jdk8u40\3098\hotspot\src\share\vm\prims\jni.cpp, line 709]
Event: 3.848 Thread 0x0000000059b2a000 Exception <a 'sun/nio/fs/WindowsException'> (0x00000000d94a9bb0) thrown at [D:\re\workspace\8-2-build-windows-amd64-cygwin\jdk8u40\3098\hotspot\src\share\vm\prims\jni.cpp, line 709]
Event: 4.056 Thread 0x0000000059b2a000 Exception <a 'sun/nio/fs/WindowsException'> (0x00000000d5b0c978) thrown at [D:\re\workspace\8-2-build-windows-amd64-cygwin\jdk8u40\3098\hotspot\src\share\vm\prims\jni.cpp, line 709]
Event: 4.057 Thread 0x0000000059b2a000 Exception <a 'sun/nio/fs/WindowsException'> (0x00000000d5b0d7b0) thrown at [D:\re\workspace\8-2-build-windows-amd64-cygwin\jdk8u40\3098\hotspot\src\share\vm\prims\jni.cpp, line 709]

Events (10 events):
Event: 4.007 Thread 0x0000000059b2a000 DEOPT UNPACKING pc=0x000000000298582a sp=0x000000005b4ac620 mode 2
Event: 4.007 Thread 0x0000000059b2a000 Uncommon trap: trap_request=0xffffffd6 fr.pc=0x00000000030ae598
Event: 4.007 Thread 0x0000000059b2a000 DEOPT PACKING pc=0x00000000030ae598 sp=0x000000005b4ac640
Event: 4.007 Thread 0x0000000059b2a000 DEOPT UNPACKING pc=0x000000000298582a sp=0x000000005b4ac620 mode 2
Event: 4.053 Thread 0x000000007c1b8800 Thread added: 0x000000007c1b8800
Event: 4.059 Thread 0x000000007c1b9000 Thread added: 0x000000007c1b9000
Event: 4.070 loading class net/java/html/charts/ChartsTest$10
Event: 4.070 loading class net/java/html/charts/ChartsTest$10 done
Event: 4.156 Executing VM operation: EnableBiasedLocking
Event: 4.157 Executing VM operation: EnableBiasedLocking done


Dynamic libraries:
0x000000013f7a0000 - 0x000000013f7d7000 	C:\Program Files\Java\jdk1.8.0_40\jre\bin\java.exe
0x0000000076df0000 - 0x0000000076f9a000 	C:\windows\SYSTEM32\ntdll.dll
0x0000000076bd0000 - 0x0000000076cef000 	C:\windows\system32\kernel32.dll
0x000007fefce70000 - 0x000007fefceda000 	C:\windows\system32\KERNELBASE.dll
0x000007fefecb0000 - 0x000007fefed8b000 	C:\windows\system32\ADVAPI32.dll
0x000007fefed90000 - 0x000007fefee2f000 	C:\windows\system32\msvcrt.dll
0x000007fefec10000 - 0x000007fefec2f000 	C:\windows\SYSTEM32\sechost.dll
0x000007fefe990000 - 0x000007fefeabd000 	C:\windows\system32\RPCRT4.dll
0x0000000076cf0000 - 0x0000000076dea000 	C:\windows\system32\USER32.dll
0x000007fefd140000 - 0x000007fefd1a7000 	C:\windows\system32\GDI32.dll
0x000007fefeaf0000 - 0x000007fefeafe000 	C:\windows\system32\LPK.dll
0x000007fefe070000 - 0x000007fefe13a000 	C:\windows\system32\USP10.dll
0x000007fefb6c0000 - 0x000007fefb8b4000 	C:\windows\WinSxS\amd64_microsoft.windows.common-controls_6595b64144ccf1df_6.0.7601.18837_none_fa3b1e3d17594757\COMCTL32.dll
0x000007fefec30000 - 0x000007fefeca1000 	C:\windows\system32\SHLWAPI.dll
0x000007fefeac0000 - 0x000007fefeaee000 	C:\windows\system32\IMM32.DLL
0x000007fefdf60000 - 0x000007fefe069000 	C:\windows\system32\MSCTF.dll
0x0000000078ae0000 - 0x0000000078bb2000 	C:\Program Files\Java\jdk1.8.0_40\jre\bin\msvcr100.dll
0x0000000070350000 - 0x0000000070bd3000 	C:\Program Files\Java\jdk1.8.0_40\jre\bin\server\jvm.dll
0x000007fef5130000 - 0x000007fef5139000 	C:\windows\system32\WSOCK32.dll
0x000007fefe730000 - 0x000007fefe77d000 	C:\windows\system32\WS2_32.dll
0x000007fefec00000 - 0x000007fefec08000 	C:\windows\system32\NSI.dll
0x000007fefa960000 - 0x000007fefa99b000 	C:\windows\system32\WINMM.dll
0x000007fefbc50000 - 0x000007fefbc5c000 	C:\windows\system32\VERSION.dll
0x0000000076fb0000 - 0x0000000076fb7000 	C:\windows\system32\PSAPI.DLL
0x0000000077660000 - 0x000000007766f000 	C:\Program Files\Java\jdk1.8.0_40\jre\bin\verify.dll
0x0000000077170000 - 0x0000000077199000 	C:\Program Files\Java\jdk1.8.0_40\jre\bin\java.dll
0x0000000077150000 - 0x0000000077166000 	C:\Program Files\Java\jdk1.8.0_40\jre\bin\zip.dll
0x000007fefd1d0000 - 0x000007fefdf5a000 	C:\windows\system32\SHELL32.dll
0x000007fefcf30000 - 0x000007fefd133000 	C:\windows\system32\ole32.dll
0x000007fefcb80000 - 0x000007fefcb8f000 	C:\windows\system32\profapi.dll
0x000007fefc350000 - 0x000007fefc368000 	C:\windows\system32\CRYPTSP.dll
0x000007fefc040000 - 0x000007fefc087000 	C:\windows\system32\rsaenh.dll
0x000007fefcf00000 - 0x000007fefcf1e000 	C:\windows\system32\USERENV.dll
0x000007fefcab0000 - 0x000007fefcabf000 	C:\windows\system32\CRYPTBASE.dll
0x0000000070050000 - 0x000000007006a000 	C:\Program Files\Java\jdk1.8.0_40\jre\bin\net.dll
0x000007fefc2d0000 - 0x000007fefc325000 	C:\windows\system32\mswsock.dll
0x000007fefc5d0000 - 0x000007fefc5d7000 	C:\windows\System32\wship6.dll
0x000007fefa4e0000 - 0x000007fefa507000 	C:\windows\system32\IPHLPAPI.DLL
0x000007fefa4b0000 - 0x000007fefa4bb000 	C:\windows\system32\WINNSI.DLL
0x000007fefa300000 - 0x000007fefa311000 	C:\windows\system32\dhcpcsvc6.DLL
0x000007fefa2a0000 - 0x000007fefa2b8000 	C:\windows\system32\dhcpcsvc.DLL
0x000000006f440000 - 0x000000006f451000 	C:\Program Files\Java\jdk1.8.0_40\jre\bin\nio.dll
0x0000000072aa0000 - 0x0000000072acc000 	C:\Program Files\Java\jdk1.8.0_40\jre\bin\prism_d3d.dll
0x000007fee7240000 - 0x000007fee743f000 	C:\windows\system32\d3d9.dll
0x000007fee8c60000 - 0x000007fee8c67000 	C:\windows\system32\d3d8thk.dll
0x000007fefbbb0000 - 0x000007fefbbc8000 	C:\windows\system32\dwmapi.dll
0x000007fefb660000 - 0x000007fefb6b6000 	C:\windows\system32\uxtheme.dll
0x000007feece20000 - 0x000007feecf82000 	C:\windows\system32\aticfx64.dll
0x000007fee6230000 - 0x000007fee6251000 	C:\windows\system32\atiu9p64.dll
0x000007fedd630000 - 0x000007fedde8a000 	C:\windows\system32\atiumd64.dll
0x0000000063360000 - 0x0000000063be6000 	C:\windows\system32\atiumd6a.dll
0x000007fefbbd0000 - 0x000007fefbbfc000 	C:\windows\system32\POWRPROF.dll
0x000007fefe1e0000 - 0x000007fefe3b7000 	C:\windows\system32\SETUPAPI.dll
0x000007fefcb90000 - 0x000007fefcbc6000 	C:\windows\system32\CFGMGR32.dll
0x000007fefe650000 - 0x000007fefe728000 	C:\windows\system32\OLEAUT32.dll
0x000007fefcee0000 - 0x000007fefcefa000 	C:\windows\system32\DEVOBJ.dll
0x0000000072a50000 - 0x0000000072a91000 	C:\Program Files\Java\jdk1.8.0_40\jre\bin\glass.dll
0x000007fefe140000 - 0x000007fefe1d7000 	C:\windows\system32\COMDLG32.dll
0x0000000072a30000 - 0x0000000072a45000 	C:\Program Files\Java\jdk1.8.0_40\jre\bin\javafx_font.dll
0x000007fee95d0000 - 0x000007fee9767000 	C:\windows\system32\dwrite.dll
0x000007fefeb00000 - 0x000007fefeb99000 	C:\windows\system32\CLBCatQ.DLL
0x000007fefabb0000 - 0x000007fefad11000 	C:\windows\system32\WindowsCodecs.dll
0x000007fefc970000 - 0x000007fefc9c7000 	C:\windows\system32\apphelp.dll
0x0000000074850000 - 0x0000000074866000 	C:\Program Files\Common Files\TortoiseOverlays\TortoiseOverlays.dll
0x0000000074830000 - 0x000000007484b000 	C:\Program Files\TortoiseGit\bin\TortoiseGitStub.dll
0x0000000074670000 - 0x00000000746fe000 	C:\Program Files\TortoiseGit\bin\TortoiseGit.dll
0x000007feeec10000 - 0x000007feeecf7000 	C:\Program Files\TortoiseGit\bin\libgit2_tgit.dll
0x000007fefccf0000 - 0x000007fefce5d000 	C:\windows\system32\CRYPT32.dll
0x000007fefcb70000 - 0x000007fefcb7f000 	C:\windows\system32\MSASN1.dll
0x000007fef5420000 - 0x000007fef5491000 	C:\windows\system32\WINHTTP.dll
0x000007fef53b0000 - 0x000007fef5414000 	C:\windows\system32\webio.dll
0x000007fefa900000 - 0x000007fefa918000 	C:\Program Files\TortoiseGit\bin\zlib1_tgit.dll
0x000007feefc60000 - 0x000007feefd4f000 	C:\windows\system32\MSVCR120.dll
0x000007feeeb20000 - 0x000007feeec0a000 	C:\Program Files\TortoiseGit\bin\gitdll.dll
0x000007fef0ad0000 - 0x000007fef0b76000 	C:\windows\system32\MSVCP120.dll
0x000007fefad70000 - 0x000007fefad81000 	C:\Program Files\TortoiseGit\bin\crshhndl.dll
0x0000000180000000 - 0x000000018007b000 	C:\Program Files\TortoiseHg\ThgShellx64.dll
0x000007fef2440000 - 0x000007fef275e000 	C:\windows\system32\msi.dll
0x000007feeda40000 - 0x000007feedc7f000 	C:\PROGRA~1\MICROS~2\Office15\GROOVEEX.DLL
0x00000000717b0000 - 0x0000000071848000 	C:\windows\system32\MSVCP100.dll
0x0000000074760000 - 0x000000007478b000 	C:\windows\system32\ATL100.DLL
0x000007feea4d0000 - 0x000007feead4d000 	C:\PROGRA~1\MICROS~2\Office15\1033\GrooveIntlResource.dll
0x000007fefad60000 - 0x000007fefad6f000 	C:\windows\system32\AcSignIcon.dll
0x000007feecfd0000 - 0x000007feed535000 	C:\windows\system32\mfc110u.dll
0x000007feeea40000 - 0x000007feeeb14000 	C:\windows\system32\MSVCR110.dll
0x000007fef9e70000 - 0x000007fef9ea5000 	C:\windows\system32\EhStorShell.dll
0x000007fefadf0000 - 0x000007fefaf1c000 	C:\windows\system32\PROPSYS.dll
0x000007fef9dd0000 - 0x000007fef9e4e000 	C:\windows\System32\cscui.dll
0x000007fefa5d0000 - 0x000007fefa5dc000 	C:\windows\System32\CSCDLL.dll
0x000007fef0d00000 - 0x000007fef0d0f000 	C:\windows\system32\CSCAPI.dll
0x000007feefbe0000 - 0x000007feefc0d000 	C:\Program Files\Common Files\Microsoft Shared\Ink\rtscom.dll
0x000000005dd90000 - 0x000000005f168000 	C:\Program Files\Java\jdk1.8.0_40\jre\bin\jfxwebkit.dll
0x00000000729b0000 - 0x0000000072a22000 	C:\Program Files\Java\jdk1.8.0_40\jre\bin\glib-lite.dll
0x0000000072910000 - 0x00000000729ac000 	C:\Program Files\Java\jdk1.8.0_40\jre\bin\gstreamer-lite.dll
0x000007feef2f0000 - 0x000007feef378000 	C:\windows\system32\DSOUND.dll
0x00000000728e0000 - 0x0000000072904000 	C:\Program Files\Java\jdk1.8.0_40\jre\bin\jfxmedia.dll
0x00000000728c0000 - 0x00000000728d1000 	C:\Program Files\Java\jdk1.8.0_40\jre\bin\prism_common.dll
0x000000006c330000 - 0x000000006c4c8000 	C:\Program Files\Java\jdk1.8.0_40\jre\bin\awt.dll
0x000007feee760000 - 0x000007feee885000 	C:\windows\system32\dbghelp.dll

VM Arguments:
java_command: C:\Users\daykin\git\dukescript-plotlyjs\plotlyjs-api\target\surefire\surefirebooter4977501096762579473.jar C:\Users\daykin\git\dukescript-plotlyjs\plotlyjs-api\target\surefire\surefire2805079164862010007tmp C:\Users\daykin\git\dukescript-plotlyjs\plotlyjs-api\target\surefire\surefire_0356261980265241338tmp
java_class_path (initial): C:\Users\daykin\git\dukescript-plotlyjs\plotlyjs-api\target\surefire\surefirebooter4977501096762579473.jar
Launcher Type: SUN_STANDARD

Environment Variables:
JAVA_HOME=C:\Program Files\Java\jdk1.8.0_40
PATH=C:\Ruby21-x64\bin;C:\ProgramData\Oracle\Java\javapath;C:\Program Files (x86)\Business Objects\Common\3.5\bin\NOTES\;C:\Program Files (x86)\Business Objects\Common\3.5\bin\NOTES\DATA\;C:\windows\system32;C:\windows;C:\windows\System32\Wbem;C:\windows\System32\WindowsPowerShell\v1.0\;C:\windows\System32\WindowsPowerShell\v1.0\;C:\Python34;C:\Program Files\Microsoft SQL Server\110\Tools\Binn\;C:\windows\system32\config\systemprofile\.dnx\bin;C:\Program Files\Microsoft DNX\Dnvm\;C:\Program Files\Microsoft SQL Server\120\Tools\Binn\;C:\Program Files (x86)\AMD\ATI.ACE\Core-Static;C:\bin\Puppet\bin;C:\HashiCorp\Vagrant\bin;C:\TDM-GCC-64\bin;C:\MinGW\bin;C:\Program Files\nodejs\;C:\Program Files\TortoiseGit\bin;C:\Program Files\MATLAB\R2016a\runtime\win64;C:\Program Files\MATLAB\R2016a\bin;C:\apache-maven-3.3.9\bin;C:\Program Files\TortoiseHg\;C:\Anaconda27;C:\Anaconda27\Scripts;C:\Program Files (x86)\CMake\bin;C:\Program Files (x86)\Git\bin\git.exe;C:\Users\daykin\AppData\Roaming\npm
USERNAME=daykin
OS=Windows_NT
PROCESSOR_IDENTIFIER=Intel64 Family 6 Model 58 Stepping 9, GenuineIntel



---------------  S Y S T E M  ---------------

OS: Windows 7 , 64 bit Build 7601 (6.1.7601.23392)

CPU:total 4 (4 cores per cpu, 1 threads per core) family 6 model 58 stepping 9, cmov, cx8, fxsr, mmx, sse, sse2, sse3, ssse3, sse4.1, sse4.2, popcnt, avx, aes, clmul, erms, tsc, tscinvbit, tscinv

Memory: 4k page, physical 8374740k(967324k free), swap 16747624k(9279520k free)

vm_info: Java HotSpot(TM) 64-Bit Server VM (25.40-b25) for windows-amd64 JRE (1.8.0_40-b26), built on Mar  7 2015 13:51:59 by "java_re" with MS VC++ 10.0 (VS2010)

time: Wed May 11 09:36:23 2016
elapsed time: 4 seconds (0d 0h 0m 4s)

